2020-10-06 12:59:59,611 DEBUG telegram.ext.dispatcher Setting singleton dispatcher as <telegram.ext.dispatcher.Dispatcher object at 0x000001F67D8CF430>
2020-10-06 12:59:59,612 DEBUG telegram.bot Entering: send_message
2020-10-06 12:59:59,612 DEBUG telegram.vendor.ptb_urllib3.urllib3.connectionpool Starting new HTTPS connection (1): api.telegram.org
2020-10-06 13:00:01,004 DEBUG telegram.vendor.ptb_urllib3.urllib3.connectionpool https://api.telegram.org:443 "POST /bot1262215479:AAEDrQUR-wY1XIvzHiL6_6Vu_PHyW8g4UHI/sendMessage HTTP/1.1" 200 368
2020-10-06 13:00:01,006 DEBUG telegram.bot {'message_id': 3157, 'date': 1601969400, 'chat': {'id': 594702198, 'type': 'private', 'username': 'jesvijonathan', 'first_name': 'Jesvi', 'last_name': 'Jonathan'}, 'text': 'Started Service !\n\nTime : 2020-10-06 (12:59:59)', 'entities': [{'type': 'code', 'offset': 0, 'length': 47}], 'caption_entities': [], 'photo': [], 'new_chat_members': [], 'new_chat_photo': [], 'delete_chat_photo': False, 'group_chat_created': False, 'supergroup_chat_created': False, 'channel_chat_created': False, 'from': {'id': 1262215479, 'first_name': 'Jesvi Bot', 'is_bot': True, 'username': 'jesvi_bot'}}
2020-10-06 13:00:01,006 DEBUG telegram.bot Exiting: send_message
2020-10-06 13:00:01,268 DEBUG telegram.bot Entering: get_me
2020-10-06 13:00:02,020 DEBUG telegram.vendor.ptb_urllib3.urllib3.connectionpool https://api.telegram.org:443 "GET /bot1262215479:AAEDrQUR-wY1XIvzHiL6_6Vu_PHyW8g4UHI/getMe HTTP/1.1" 200 190
2020-10-06 13:00:02,020 DEBUG telegram.bot {'id': 1262215479, 'first_name': 'Jesvi Bot', 'is_bot': True, 'username': 'jesvi_bot', 'can_join_groups': True, 'can_read_all_group_messages': True, 'supports_inline_queries': False}
2020-10-06 13:00:02,021 DEBUG telegram.bot Exiting: get_me
2020-10-06 13:00:02,021 DEBUG telegram.bot Entering: get_my_commands
2020-10-06 13:00:02,678 DEBUG telegram.vendor.ptb_urllib3.urllib3.connectionpool https://api.telegram.org:443 "GET /bot1262215479:AAEDrQUR-wY1XIvzHiL6_6Vu_PHyW8g4UHI/getMyCommands HTTP/1.1" 200 197
2020-10-06 13:00:02,679 DEBUG telegram.bot [<telegram.botcommand.BotCommand object at 0x000001F6015C8730>, <telegram.botcommand.BotCommand object at 0x000001F6015C8790>, <telegram.botcommand.BotCommand object at 0x000001F6015C8670>]
2020-10-06 13:00:02,679 DEBUG telegram.bot Exiting: get_my_commands
2020-10-06 13:00:02,679 DEBUG JobQueue JobQueue thread started
2020-10-06 13:00:02,680 DEBUG telegram.ext.updater Bot:1262215479:dispatcher - started
2020-10-06 13:00:02,681 DEBUG telegram.ext.updater Bot:1262215479:updater - started
2020-10-06 13:00:02,681 DEBUG telegram.ext.updater Updater thread started (polling)
2020-10-06 13:00:02,681 DEBUG telegram.ext.updater Start network loop retry bootstrap del webhook
2020-10-06 13:00:02,681 DEBUG telegram.bot Entering: delete_webhook
2020-10-06 13:00:02,683 DEBUG telegram.ext.dispatcher Dispatcher started
2020-10-06 13:00:03,008 DEBUG telegram.vendor.ptb_urllib3.urllib3.connectionpool https://api.telegram.org:443 "POST /bot1262215479:AAEDrQUR-wY1XIvzHiL6_6Vu_PHyW8g4UHI/deleteWebhook HTTP/1.1" 200 68
2020-10-06 13:00:03,009 DEBUG telegram.bot True
2020-10-06 13:00:03,009 DEBUG telegram.bot Exiting: delete_webhook
2020-10-06 13:00:03,009 DEBUG telegram.ext.updater Bootstrap done
2020-10-06 13:00:03,009 DEBUG telegram.ext.updater Start network loop retry getting Updates
2020-10-06 13:00:03,009 DEBUG telegram.bot Entering: get_updates
2020-10-06 13:00:13,377 DEBUG telegram.vendor.ptb_urllib3.urllib3.connectionpool https://api.telegram.org:443 "POST /bot1262215479:AAEDrQUR-wY1XIvzHiL6_6Vu_PHyW8g4UHI/getUpdates HTTP/1.1" 200 23
2020-10-06 13:00:13,378 DEBUG telegram.bot No new updates found.
2020-10-06 13:00:13,378 DEBUG telegram.bot []
2020-10-06 13:00:13,378 DEBUG telegram.bot Exiting: get_updates
2020-10-06 13:00:13,378 DEBUG telegram.bot Entering: get_updates
